The target system is: Generic -  - armv8-a
The host system is: Linux - 4.4.0-18362-Microsoft - x86_64
Compiling the C compiler identification source file "CMakeCCompilerId.c" succeeded.
Compiler: /opt/devkitpro/devkitA64/bin/aarch64-none-elf-gcc 
Build flags: -g;-O2;-march=armv8-a;-mtune=cortex-a57;-mtp=soft;-ftls-model=local-exec;-fPIC;-I/opt/devkitpro/libnx/include;-I/opt/devkitpro/portlibs/switch/include
Id flags:  

The output was:
0


Compilation of the C compiler identification source "CMakeCCompilerId.c" produced "a.out"

The C compiler identification is GNU, found in "/home/li/ONScripter-Switch/SDL_kitchensink/build/CMakeFiles/3.10.2/CompilerIdC/a.out"

Compiling the CXX compiler identification source file "CMakeCXXCompilerId.cpp" succeeded.
Compiler: /opt/devkitpro/devkitA64/bin/aarch64-none-elf-g++ 
Build flags: -g;-O2;-march=armv8-a;-mtune=cortex-a57;-mtp=soft;-ftls-model=local-exec;-fPIC;-I/opt/devkitpro/libnx/include;-I/opt/devkitpro/portlibs/switch/include;-fno-rtti;-fno-exceptions
Id flags:  

The output was:
0


Compilation of the CXX compiler identification source "CMakeCXXCompilerId.cpp" produced "a.out"

The CXX compiler identification is GNU, found in "/home/li/ONScripter-Switch/SDL_kitchensink/build/CMakeFiles/3.10.2/CompilerIdCXX/a.out"

Determining if the C compiler works passed with the following output:
Change Dir: /home/li/ONScripter-Switch/SDL_kitchensink/build/CMakeFiles/CMakeTmp

Run Build Command:"/usr/bin/make" "cmTC_4194f/fast"
make[1]: 进入目录“/home/li/ONScripter-Switch/SDL_kitchensink/build/CMakeFiles/CMakeTmp”
/usr/bin/make -f CMakeFiles/cmTC_4194f.dir/build.make CMakeFiles/cmTC_4194f.dir/build
make[2]: 进入目录“/home/li/ONScripter-Switch/SDL_kitchensink/build/CMakeFiles/CMakeTmp”
Building C object CMakeFiles/cmTC_4194f.dir/testCCompiler.c.obj
/opt/devkitpro/devkitA64/bin/aarch64-none-elf-gcc   -g -O2 -march=armv8-a -mtune=cortex-a57 -mtp=soft -ftls-model=local-exec -fPIC -I/opt/devkitpro/libnx/include -I/opt/devkitpro/portlibs/switch/include    -o CMakeFiles/cmTC_4194f.dir/testCCompiler.c.obj   -c /home/li/ONScripter-Switch/SDL_kitchensink/build/CMakeFiles/CMakeTmp/testCCompiler.c
Linking C executable cmTC_4194f
/usr/bin/cmake -E cmake_link_script CMakeFiles/cmTC_4194f.dir/link.txt --verbose=1
/opt/devkitpro/devkitA64/bin/aarch64-none-elf-gcc -g -O2 -march=armv8-a -mtune=cortex-a57 -mtp=soft -ftls-model=local-exec -fPIC -I/opt/devkitpro/libnx/include -I/opt/devkitpro/portlibs/switch/include     CMakeFiles/cmTC_4194f.dir/testCCompiler.c.obj  -o cmTC_4194f 
make[2]: 离开目录“/home/li/ONScripter-Switch/SDL_kitchensink/build/CMakeFiles/CMakeTmp”
make[1]: 离开目录“/home/li/ONScripter-Switch/SDL_kitchensink/build/CMakeFiles/CMakeTmp”


Detecting C compiler ABI info compiled with the following output:
Change Dir: /home/li/ONScripter-Switch/SDL_kitchensink/build/CMakeFiles/CMakeTmp

Run Build Command:"/usr/bin/make" "cmTC_7e32d/fast"
make[1]: 进入目录“/home/li/ONScripter-Switch/SDL_kitchensink/build/CMakeFiles/CMakeTmp”
/usr/bin/make -f CMakeFiles/cmTC_7e32d.dir/build.make CMakeFiles/cmTC_7e32d.dir/build
make[2]: 进入目录“/home/li/ONScripter-Switch/SDL_kitchensink/build/CMakeFiles/CMakeTmp”
Building C object CMakeFiles/cmTC_7e32d.dir/CMakeCCompilerABI.c.obj
/opt/devkitpro/devkitA64/bin/aarch64-none-elf-gcc   -g -O2 -march=armv8-a -mtune=cortex-a57 -mtp=soft -ftls-model=local-exec -fPIC -I/opt/devkitpro/libnx/include -I/opt/devkitpro/portlibs/switch/include    -o CMakeFiles/cmTC_7e32d.dir/CMakeCCompilerABI.c.obj   -c /usr/share/cmake-3.10/Modules/CMakeCCompilerABI.c
Linking C executable cmTC_7e32d
/usr/bin/cmake -E cmake_link_script CMakeFiles/cmTC_7e32d.dir/link.txt --verbose=1
/opt/devkitpro/devkitA64/bin/aarch64-none-elf-gcc -g -O2 -march=armv8-a -mtune=cortex-a57 -mtp=soft -ftls-model=local-exec -fPIC -I/opt/devkitpro/libnx/include -I/opt/devkitpro/portlibs/switch/include    -v CMakeFiles/cmTC_7e32d.dir/CMakeCCompilerABI.c.obj  -o cmTC_7e32d 
Using built-in specs.
COLLECT_GCC=/opt/devkitpro/devkitA64/bin/aarch64-none-elf-gcc
COLLECT_LTO_WRAPPER=/opt/devkitpro/devkitA64/libexec/gcc/aarch64-none-elf/8.3.0/lto-wrapper
Target: aarch64-none-elf
Configured with: ../../gcc-8.3.0/configure --enable-languages=c,c++,objc,lto --with-gnu-as --with-gnu-ld --with-gcc --with-march=armv8 --enable-cxx-flags=-ffunction-sections --disable-libstdcxx-verbose --enable-poison-system-directories --enable-interwork --enable-multilib --enable-threads --disable-win32-registry --disable-nls --disable-debug --disable-libmudflap --disable-libssp --disable-libgomp --disable-libstdcxx-pch --enable-libstdcxx-time --enable-libstdcxx-filesystem-ts --target=aarch64-none-elf --with-newlib --with-headers=../../newlib-3.1.0/newlib/libc/include --prefix=/opt/devkitpro/devkitA64 --enable-lto --with-system-zlib --with-bugurl=https://github.com/devkitPro/buildscripts/issues --with-pkgversion='devkitA64 release 13' --build=x86_64-unknown-linux-gnu
Thread model: posix
gcc version 8.3.0 (devkitA64 release 13) 
COMPILER_PATH=/opt/devkitpro/devkitA64/libexec/gcc/aarch64-none-elf/8.3.0/:/opt/devkitpro/devkitA64/libexec/gcc/aarch64-none-elf/8.3.0/:/opt/devkitpro/devkitA64/libexec/gcc/aarch64-none-elf/:/opt/devkitpro/devkitA64/lib/gcc/aarch64-none-elf/8.3.0/:/opt/devkitpro/devkitA64/lib/gcc/aarch64-none-elf/:/opt/devkitpro/devkitA64/lib/gcc/aarch64-none-elf/8.3.0/../../../../aarch64-none-elf/bin/
LIBRARY_PATH=/opt/devkitpro/devkitA64/lib/gcc/aarch64-none-elf/8.3.0/pic/:/opt/devkitpro/devkitA64/lib/gcc/aarch64-none-elf/8.3.0/../../../../aarch64-none-elf/lib/pic/:/opt/devkitpro/devkitA64/lib/gcc/aarch64-none-elf/8.3.0/:/opt/devkitpro/devkitA64/lib/gcc/aarch64-none-elf/8.3.0/../../../../aarch64-none-elf/lib/
COLLECT_GCC_OPTIONS='-g' '-O2' '-march=armv8-a' '-mtune=cortex-a57' '-mtp=soft' '-ftls-model=local-exec' '-fPIC' '-I' '/opt/devkitpro/libnx/include' '-I' '/opt/devkitpro/portlibs/switch/include' '-v' '-o' 'cmTC_7e32d' '-mlittle-endian' '-mabi=lp64'
 /opt/devkitpro/devkitA64/libexec/gcc/aarch64-none-elf/8.3.0/collect2 -plugin /opt/devkitpro/devkitA64/libexec/gcc/aarch64-none-elf/8.3.0/liblto_plugin.so -plugin-opt=/opt/devkitpro/devkitA64/libexec/gcc/aarch64-none-elf/8.3.0/lto-wrapper -plugin-opt=-fresolution=/tmp/ccqZpXy8.res -plugin-opt=-pass-through=-lgcc -plugin-opt=-pass-through=-lg -plugin-opt=-pass-through=-lc -plugin-opt=-pass-through=-lsysbase -EL -X -maarch64elf -o cmTC_7e32d /opt/devkitpro/devkitA64/lib/gcc/aarch64-none-elf/8.3.0/pic/crti.o /opt/devkitpro/devkitA64/lib/gcc/aarch64-none-elf/8.3.0/pic/crtbegin.o /opt/devkitpro/devkitA64/lib/gcc/aarch64-none-elf/8.3.0/../../../../aarch64-none-elf/lib/pic/crt0.o -L/opt/devkitpro/devkitA64/lib/gcc/aarch64-none-elf/8.3.0/pic -L/opt/devkitpro/devkitA64/lib/gcc/aarch64-none-elf/8.3.0/../../../../aarch64-none-elf/lib/pic -L/opt/devkitpro/devkitA64/lib/gcc/aarch64-none-elf/8.3.0 -L/opt/devkitpro/devkitA64/lib/gcc/aarch64-none-elf/8.3.0/../../../../aarch64-none-elf/lib CMakeFiles/cmTC_7e32d.dir/CMakeCCompilerABI.c.obj --start-group -lgcc -lg -lc -lsysbase --end-group /opt/devkitpro/devkitA64/lib/gcc/aarch64-none-elf/8.3.0/pic/crtend.o /opt/devkitpro/devkitA64/lib/gcc/aarch64-none-elf/8.3.0/pic/crtn.o
COLLECT_GCC_OPTIONS='-g' '-O2' '-march=armv8-a' '-mtune=cortex-a57' '-mtp=soft' '-ftls-model=local-exec' '-fPIC' '-I' '/opt/devkitpro/libnx/include' '-I' '/opt/devkitpro/portlibs/switch/include' '-v' '-o' 'cmTC_7e32d' '-mlittle-endian' '-mabi=lp64'
make[2]: 离开目录“/home/li/ONScripter-Switch/SDL_kitchensink/build/CMakeFiles/CMakeTmp”
make[1]: 离开目录“/home/li/ONScripter-Switch/SDL_kitchensink/build/CMakeFiles/CMakeTmp”


Parsed C implicit link information from above output:
  link line regex: [^( *|.*[/\])(aarch64-none-elf-ld|CMAKE_LINK_STARTFILE-NOTFOUND|([^/\]+-)?ld|collect2)[^/\]*( |$)]
  ignore line: [Change Dir: /home/li/ONScripter-Switch/SDL_kitchensink/build/CMakeFiles/CMakeTmp]
  ignore line: []
  ignore line: [Run Build Command:"/usr/bin/make" "cmTC_7e32d/fast"]
  ignore line: [make[1]: 进入目录“/home/li/ONScripter-Switch/SDL_kitchensink/build/CMakeFiles/CMakeTmp”]
  ignore line: [/usr/bin/make -f CMakeFiles/cmTC_7e32d.dir/build.make CMakeFiles/cmTC_7e32d.dir/build]
  ignore line: [make[2]: 进入目录“/home/li/ONScripter-Switch/SDL_kitchensink/build/CMakeFiles/CMakeTmp”]
  ignore line: [Building C object CMakeFiles/cmTC_7e32d.dir/CMakeCCompilerABI.c.obj]
  ignore line: [/opt/devkitpro/devkitA64/bin/aarch64-none-elf-gcc   -g -O2 -march=armv8-a -mtune=cortex-a57 -mtp=soft -ftls-model=local-exec -fPIC -I/opt/devkitpro/libnx/include -I/opt/devkitpro/portlibs/switch/include    -o CMakeFiles/cmTC_7e32d.dir/CMakeCCompilerABI.c.obj   -c /usr/share/cmake-3.10/Modules/CMakeCCompilerABI.c]
  ignore line: [Linking C executable cmTC_7e32d]
  ignore line: [/usr/bin/cmake -E cmake_link_script CMakeFiles/cmTC_7e32d.dir/link.txt --verbose=1]
  ignore line: [/opt/devkitpro/devkitA64/bin/aarch64-none-elf-gcc -g -O2 -march=armv8-a -mtune=cortex-a57 -mtp=soft -ftls-model=local-exec -fPIC -I/opt/devkitpro/libnx/include -I/opt/devkitpro/portlibs/switch/include    -v CMakeFiles/cmTC_7e32d.dir/CMakeCCompilerABI.c.obj  -o cmTC_7e32d ]
  ignore line: [Using built-in specs.]
  ignore line: [COLLECT_GCC=/opt/devkitpro/devkitA64/bin/aarch64-none-elf-gcc]
  ignore line: [COLLECT_LTO_WRAPPER=/opt/devkitpro/devkitA64/libexec/gcc/aarch64-none-elf/8.3.0/lto-wrapper]
  ignore line: [Target: aarch64-none-elf]
  ignore line: [Configured with: ../../gcc-8.3.0/configure --enable-languages=c,c++,objc,lto --with-gnu-as --with-gnu-ld --with-gcc --with-march=armv8 --enable-cxx-flags=-ffunction-sections --disable-libstdcxx-verbose --enable-poison-system-directories --enable-interwork --enable-multilib --enable-threads --disable-win32-registry --disable-nls --disable-debug --disable-libmudflap --disable-libssp --disable-libgomp --disable-libstdcxx-pch --enable-libstdcxx-time --enable-libstdcxx-filesystem-ts --target=aarch64-none-elf --with-newlib --with-headers=../../newlib-3.1.0/newlib/libc/include --prefix=/opt/devkitpro/devkitA64 --enable-lto --with-system-zlib --with-bugurl=https://github.com/devkitPro/buildscripts/issues --with-pkgversion='devkitA64 release 13' --build=x86_64-unknown-linux-gnu]
  ignore line: [Thread model: posix]
  ignore line: [gcc version 8.3.0 (devkitA64 release 13) ]
  ignore line: [COMPILER_PATH=/opt/devkitpro/devkitA64/libexec/gcc/aarch64-none-elf/8.3.0/:/opt/devkitpro/devkitA64/libexec/gcc/aarch64-none-elf/8.3.0/:/opt/devkitpro/devkitA64/libexec/gcc/aarch64-none-elf/:/opt/devkitpro/devkitA64/lib/gcc/aarch64-none-elf/8.3.0/:/opt/devkitpro/devkitA64/lib/gcc/aarch64-none-elf/:/opt/devkitpro/devkitA64/lib/gcc/aarch64-none-elf/8.3.0/../../../../aarch64-none-elf/bin/]
  ignore line: [LIBRARY_PATH=/opt/devkitpro/devkitA64/lib/gcc/aarch64-none-elf/8.3.0/pic/:/opt/devkitpro/devkitA64/lib/gcc/aarch64-none-elf/8.3.0/../../../../aarch64-none-elf/lib/pic/:/opt/devkitpro/devkitA64/lib/gcc/aarch64-none-elf/8.3.0/:/opt/devkitpro/devkitA64/lib/gcc/aarch64-none-elf/8.3.0/../../../../aarch64-none-elf/lib/]
  ignore line: [COLLECT_GCC_OPTIONS='-g' '-O2' '-march=armv8-a' '-mtune=cortex-a57' '-mtp=soft' '-ftls-model=local-exec' '-fPIC' '-I' '/opt/devkitpro/libnx/include' '-I' '/opt/devkitpro/portlibs/switch/include' '-v' '-o' 'cmTC_7e32d' '-mlittle-endian' '-mabi=lp64']
  link line: [ /opt/devkitpro/devkitA64/libexec/gcc/aarch64-none-elf/8.3.0/collect2 -plugin /opt/devkitpro/devkitA64/libexec/gcc/aarch64-none-elf/8.3.0/liblto_plugin.so -plugin-opt=/opt/devkitpro/devkitA64/libexec/gcc/aarch64-none-elf/8.3.0/lto-wrapper -plugin-opt=-fresolution=/tmp/ccqZpXy8.res -plugin-opt=-pass-through=-lgcc -plugin-opt=-pass-through=-lg -plugin-opt=-pass-through=-lc -plugin-opt=-pass-through=-lsysbase -EL -X -maarch64elf -o cmTC_7e32d /opt/devkitpro/devkitA64/lib/gcc/aarch64-none-elf/8.3.0/pic/crti.o /opt/devkitpro/devkitA64/lib/gcc/aarch64-none-elf/8.3.0/pic/crtbegin.o /opt/devkitpro/devkitA64/lib/gcc/aarch64-none-elf/8.3.0/../../../../aarch64-none-elf/lib/pic/crt0.o -L/opt/devkitpro/devkitA64/lib/gcc/aarch64-none-elf/8.3.0/pic -L/opt/devkitpro/devkitA64/lib/gcc/aarch64-none-elf/8.3.0/../../../../aarch64-none-elf/lib/pic -L/opt/devkitpro/devkitA64/lib/gcc/aarch64-none-elf/8.3.0 -L/opt/devkitpro/devkitA64/lib/gcc/aarch64-none-elf/8.3.0/../../../../aarch64-none-elf/lib CMakeFiles/cmTC_7e32d.dir/CMakeCCompilerABI.c.obj --start-group -lgcc -lg -lc -lsysbase --end-group /opt/devkitpro/devkitA64/lib/gcc/aarch64-none-elf/8.3.0/pic/crtend.o /opt/devkitpro/devkitA64/lib/gcc/aarch64-none-elf/8.3.0/pic/crtn.o]
    arg [/opt/devkitpro/devkitA64/libexec/gcc/aarch64-none-elf/8.3.0/collect2] ==> ignore
    arg [-plugin] ==> ignore
    arg [/opt/devkitpro/devkitA64/libexec/gcc/aarch64-none-elf/8.3.0/liblto_plugin.so] ==> ignore
    arg [-plugin-opt=/opt/devkitpro/devkitA64/libexec/gcc/aarch64-none-elf/8.3.0/lto-wrapper] ==> ignore
    arg [-plugin-opt=-fresolution=/tmp/ccqZpXy8.res] ==> ignore
    arg [-plugin-opt=-pass-through=-lgcc] ==> ignore
    arg [-plugin-opt=-pass-through=-lg] ==> ignore
    arg [-plugin-opt=-pass-through=-lc] ==> ignore
    arg [-plugin-opt=-pass-through=-lsysbase] ==> ignore
    arg [-EL] ==> ignore
    arg [-X] ==> ignore
    arg [-maarch64elf] ==> ignore
    arg [-o] ==> ignore
    arg [cmTC_7e32d] ==> ignore
    arg [/opt/devkitpro/devkitA64/lib/gcc/aarch64-none-elf/8.3.0/pic/crti.o] ==> ignore
    arg [/opt/devkitpro/devkitA64/lib/gcc/aarch64-none-elf/8.3.0/pic/crtbegin.o] ==> ignore
    arg [/opt/devkitpro/devkitA64/lib/gcc/aarch64-none-elf/8.3.0/../../../../aarch64-none-elf/lib/pic/crt0.o] ==> ignore
    arg [-L/opt/devkitpro/devkitA64/lib/gcc/aarch64-none-elf/8.3.0/pic] ==> dir [/opt/devkitpro/devkitA64/lib/gcc/aarch64-none-elf/8.3.0/pic]
    arg [-L/opt/devkitpro/devkitA64/lib/gcc/aarch64-none-elf/8.3.0/../../../../aarch64-none-elf/lib/pic] ==> dir [/opt/devkitpro/devkitA64/lib/gcc/aarch64-none-elf/8.3.0/../../../../aarch64-none-elf/lib/pic]
    arg [-L/opt/devkitpro/devkitA64/lib/gcc/aarch64-none-elf/8.3.0] ==> dir [/opt/devkitpro/devkitA64/lib/gcc/aarch64-none-elf/8.3.0]
    arg [-L/opt/devkitpro/devkitA64/lib/gcc/aarch64-none-elf/8.3.0/../../../../aarch64-none-elf/lib] ==> dir [/opt/devkitpro/devkitA64/lib/gcc/aarch64-none-elf/8.3.0/../../../../aarch64-none-elf/lib]
    arg [CMakeFiles/cmTC_7e32d.dir/CMakeCCompilerABI.c.obj] ==> ignore
    arg [--start-group] ==> ignore
    arg [-lgcc] ==> lib [gcc]
    arg [-lg] ==> lib [g]
    arg [-lc] ==> lib [c]
    arg [-lsysbase] ==> lib [sysbase]
    arg [--end-group] ==> ignore
    arg [/opt/devkitpro/devkitA64/lib/gcc/aarch64-none-elf/8.3.0/pic/crtend.o] ==> ignore
    arg [/opt/devkitpro/devkitA64/lib/gcc/aarch64-none-elf/8.3.0/pic/crtn.o] ==> ignore
  collapse library dir [/opt/devkitpro/devkitA64/lib/gcc/aarch64-none-elf/8.3.0/pic] ==> [/opt/devkitpro/devkitA64/lib/gcc/aarch64-none-elf/8.3.0/pic]
  collapse library dir [/opt/devkitpro/devkitA64/lib/gcc/aarch64-none-elf/8.3.0/../../../../aarch64-none-elf/lib/pic] ==> [/opt/devkitpro/devkitA64/aarch64-none-elf/lib/pic]
  collapse library dir [/opt/devkitpro/devkitA64/lib/gcc/aarch64-none-elf/8.3.0] ==> [/opt/devkitpro/devkitA64/lib/gcc/aarch64-none-elf/8.3.0]
  collapse library dir [/opt/devkitpro/devkitA64/lib/gcc/aarch64-none-elf/8.3.0/../../../../aarch64-none-elf/lib] ==> [/opt/devkitpro/devkitA64/aarch64-none-elf/lib]
  implicit libs: [gcc;g;c;sysbase]
  implicit dirs: [/opt/devkitpro/devkitA64/lib/gcc/aarch64-none-elf/8.3.0/pic;/opt/devkitpro/devkitA64/aarch64-none-elf/lib/pic;/opt/devkitpro/devkitA64/lib/gcc/aarch64-none-elf/8.3.0;/opt/devkitpro/devkitA64/aarch64-none-elf/lib]
  implicit fwks: []




Detecting C [-std=c11] compiler features compiled with the following output:
Change Dir: /home/li/ONScripter-Switch/SDL_kitchensink/build/CMakeFiles/CMakeTmp

Run Build Command:"/usr/bin/make" "cmTC_8aaa3/fast"
make[1]: 进入目录“/home/li/ONScripter-Switch/SDL_kitchensink/build/CMakeFiles/CMakeTmp”
/usr/bin/make -f CMakeFiles/cmTC_8aaa3.dir/build.make CMakeFiles/cmTC_8aaa3.dir/build
make[2]: 进入目录“/home/li/ONScripter-Switch/SDL_kitchensink/build/CMakeFiles/CMakeTmp”
Building C object CMakeFiles/cmTC_8aaa3.dir/feature_tests.c.obj
/opt/devkitpro/devkitA64/bin/aarch64-none-elf-gcc   -g -O2 -march=armv8-a -mtune=cortex-a57 -mtp=soft -ftls-model=local-exec -fPIC -I/opt/devkitpro/libnx/include -I/opt/devkitpro/portlibs/switch/include    -std=c11 -o CMakeFiles/cmTC_8aaa3.dir/feature_tests.c.obj   -c /home/li/ONScripter-Switch/SDL_kitchensink/build/CMakeFiles/feature_tests.c
Linking C executable cmTC_8aaa3
/usr/bin/cmake -E cmake_link_script CMakeFiles/cmTC_8aaa3.dir/link.txt --verbose=1
/opt/devkitpro/devkitA64/bin/aarch64-none-elf-gcc -g -O2 -march=armv8-a -mtune=cortex-a57 -mtp=soft -ftls-model=local-exec -fPIC -I/opt/devkitpro/libnx/include -I/opt/devkitpro/portlibs/switch/include     CMakeFiles/cmTC_8aaa3.dir/feature_tests.c.obj  -o cmTC_8aaa3 
make[2]: 离开目录“/home/li/ONScripter-Switch/SDL_kitchensink/build/CMakeFiles/CMakeTmp”
make[1]: 离开目录“/home/li/ONScripter-Switch/SDL_kitchensink/build/CMakeFiles/CMakeTmp”


    Feature record: C_FEATURE:1c_function_prototypes
    Feature record: C_FEATURE:1c_restrict
    Feature record: C_FEATURE:1c_static_assert
    Feature record: C_FEATURE:1c_variadic_macros


Detecting C [-std=c99] compiler features compiled with the following output:
Change Dir: /home/li/ONScripter-Switch/SDL_kitchensink/build/CMakeFiles/CMakeTmp

Run Build Command:"/usr/bin/make" "cmTC_a4c8f/fast"
make[1]: 进入目录“/home/li/ONScripter-Switch/SDL_kitchensink/build/CMakeFiles/CMakeTmp”
/usr/bin/make -f CMakeFiles/cmTC_a4c8f.dir/build.make CMakeFiles/cmTC_a4c8f.dir/build
make[2]: 进入目录“/home/li/ONScripter-Switch/SDL_kitchensink/build/CMakeFiles/CMakeTmp”
Building C object CMakeFiles/cmTC_a4c8f.dir/feature_tests.c.obj
/opt/devkitpro/devkitA64/bin/aarch64-none-elf-gcc   -g -O2 -march=armv8-a -mtune=cortex-a57 -mtp=soft -ftls-model=local-exec -fPIC -I/opt/devkitpro/libnx/include -I/opt/devkitpro/portlibs/switch/include    -std=c99 -o CMakeFiles/cmTC_a4c8f.dir/feature_tests.c.obj   -c /home/li/ONScripter-Switch/SDL_kitchensink/build/CMakeFiles/feature_tests.c
Linking C executable cmTC_a4c8f
/usr/bin/cmake -E cmake_link_script CMakeFiles/cmTC_a4c8f.dir/link.txt --verbose=1
/opt/devkitpro/devkitA64/bin/aarch64-none-elf-gcc -g -O2 -march=armv8-a -mtune=cortex-a57 -mtp=soft -ftls-model=local-exec -fPIC -I/opt/devkitpro/libnx/include -I/opt/devkitpro/portlibs/switch/include     CMakeFiles/cmTC_a4c8f.dir/feature_tests.c.obj  -o cmTC_a4c8f 
make[2]: 离开目录“/home/li/ONScripter-Switch/SDL_kitchensink/build/CMakeFiles/CMakeTmp”
make[1]: 离开目录“/home/li/ONScripter-Switch/SDL_kitchensink/build/CMakeFiles/CMakeTmp”


    Feature record: C_FEATURE:1c_function_prototypes
    Feature record: C_FEATURE:1c_restrict
    Feature record: C_FEATURE:0c_static_assert
    Feature record: C_FEATURE:1c_variadic_macros


Detecting C [-std=c90] compiler features compiled with the following output:
Change Dir: /home/li/ONScripter-Switch/SDL_kitchensink/build/CMakeFiles/CMakeTmp

Run Build Command:"/usr/bin/make" "cmTC_ed231/fast"
make[1]: 进入目录“/home/li/ONScripter-Switch/SDL_kitchensink/build/CMakeFiles/CMakeTmp”
/usr/bin/make -f CMakeFiles/cmTC_ed231.dir/build.make CMakeFiles/cmTC_ed231.dir/build
make[2]: 进入目录“/home/li/ONScripter-Switch/SDL_kitchensink/build/CMakeFiles/CMakeTmp”
Building C object CMakeFiles/cmTC_ed231.dir/feature_tests.c.obj
/opt/devkitpro/devkitA64/bin/aarch64-none-elf-gcc   -g -O2 -march=armv8-a -mtune=cortex-a57 -mtp=soft -ftls-model=local-exec -fPIC -I/opt/devkitpro/libnx/include -I/opt/devkitpro/portlibs/switch/include    -std=c90 -o CMakeFiles/cmTC_ed231.dir/feature_tests.c.obj   -c /home/li/ONScripter-Switch/SDL_kitchensink/build/CMakeFiles/feature_tests.c
Linking C executable cmTC_ed231
/usr/bin/cmake -E cmake_link_script CMakeFiles/cmTC_ed231.dir/link.txt --verbose=1
/opt/devkitpro/devkitA64/bin/aarch64-none-elf-gcc -g -O2 -march=armv8-a -mtune=cortex-a57 -mtp=soft -ftls-model=local-exec -fPIC -I/opt/devkitpro/libnx/include -I/opt/devkitpro/portlibs/switch/include     CMakeFiles/cmTC_ed231.dir/feature_tests.c.obj  -o cmTC_ed231 
make[2]: 离开目录“/home/li/ONScripter-Switch/SDL_kitchensink/build/CMakeFiles/CMakeTmp”
make[1]: 离开目录“/home/li/ONScripter-Switch/SDL_kitchensink/build/CMakeFiles/CMakeTmp”


    Feature record: C_FEATURE:1c_function_prototypes
    Feature record: C_FEATURE:0c_restrict
    Feature record: C_FEATURE:0c_static_assert
    Feature record: C_FEATURE:0c_variadic_macros
Determining if the CXX compiler works passed with the following output:
Change Dir: /home/li/ONScripter-Switch/SDL_kitchensink/build/CMakeFiles/CMakeTmp

Run Build Command:"/usr/bin/make" "cmTC_667f8/fast"
make[1]: 进入目录“/home/li/ONScripter-Switch/SDL_kitchensink/build/CMakeFiles/CMakeTmp”
/usr/bin/make -f CMakeFiles/cmTC_667f8.dir/build.make CMakeFiles/cmTC_667f8.dir/build
make[2]: 进入目录“/home/li/ONScripter-Switch/SDL_kitchensink/build/CMakeFiles/CMakeTmp”
Building CXX object CMakeFiles/cmTC_667f8.dir/testCXXCompiler.cxx.obj
/opt/devkitpro/devkitA64/bin/aarch64-none-elf-g++    -g -O2 -march=armv8-a -mtune=cortex-a57 -mtp=soft -ftls-model=local-exec -fPIC -I/opt/devkitpro/libnx/include -I/opt/devkitpro/portlibs/switch/include -fno-rtti -fno-exceptions    -o CMakeFiles/cmTC_667f8.dir/testCXXCompiler.cxx.obj -c /home/li/ONScripter-Switch/SDL_kitchensink/build/CMakeFiles/CMakeTmp/testCXXCompiler.cxx
Linking CXX executable cmTC_667f8
/usr/bin/cmake -E cmake_link_script CMakeFiles/cmTC_667f8.dir/link.txt --verbose=1
/opt/devkitpro/devkitA64/bin/aarch64-none-elf-g++  -g -O2 -march=armv8-a -mtune=cortex-a57 -mtp=soft -ftls-model=local-exec -fPIC -I/opt/devkitpro/libnx/include -I/opt/devkitpro/portlibs/switch/include -fno-rtti -fno-exceptions     CMakeFiles/cmTC_667f8.dir/testCXXCompiler.cxx.obj  -o cmTC_667f8 
make[2]: 离开目录“/home/li/ONScripter-Switch/SDL_kitchensink/build/CMakeFiles/CMakeTmp”
make[1]: 离开目录“/home/li/ONScripter-Switch/SDL_kitchensink/build/CMakeFiles/CMakeTmp”


Detecting CXX compiler ABI info compiled with the following output:
Change Dir: /home/li/ONScripter-Switch/SDL_kitchensink/build/CMakeFiles/CMakeTmp

Run Build Command:"/usr/bin/make" "cmTC_5f9b4/fast"
make[1]: 进入目录“/home/li/ONScripter-Switch/SDL_kitchensink/build/CMakeFiles/CMakeTmp”
/usr/bin/make -f CMakeFiles/cmTC_5f9b4.dir/build.make CMakeFiles/cmTC_5f9b4.dir/build
make[2]: 进入目录“/home/li/ONScripter-Switch/SDL_kitchensink/build/CMakeFiles/CMakeTmp”
Building CXX object CMakeFiles/cmTC_5f9b4.dir/CMakeCXXCompilerABI.cpp.obj
/opt/devkitpro/devkitA64/bin/aarch64-none-elf-g++    -g -O2 -march=armv8-a -mtune=cortex-a57 -mtp=soft -ftls-model=local-exec -fPIC -I/opt/devkitpro/libnx/include -I/opt/devkitpro/portlibs/switch/include -fno-rtti -fno-exceptions    -o CMakeFiles/cmTC_5f9b4.dir/CMakeCXXCompilerABI.cpp.obj -c /usr/share/cmake-3.10/Modules/CMakeCXXCompilerABI.cpp
Linking CXX executable cmTC_5f9b4
/usr/bin/cmake -E cmake_link_script CMakeFiles/cmTC_5f9b4.dir/link.txt --verbose=1
/opt/devkitpro/devkitA64/bin/aarch64-none-elf-g++  -g -O2 -march=armv8-a -mtune=cortex-a57 -mtp=soft -ftls-model=local-exec -fPIC -I/opt/devkitpro/libnx/include -I/opt/devkitpro/portlibs/switch/include -fno-rtti -fno-exceptions    -v CMakeFiles/cmTC_5f9b4.dir/CMakeCXXCompilerABI.cpp.obj  -o cmTC_5f9b4 
Using built-in specs.
COLLECT_GCC=/opt/devkitpro/devkitA64/bin/aarch64-none-elf-g++
COLLECT_LTO_WRAPPER=/opt/devkitpro/devkitA64/libexec/gcc/aarch64-none-elf/8.3.0/lto-wrapper
Target: aarch64-none-elf
Configured with: ../../gcc-8.3.0/configure --enable-languages=c,c++,objc,lto --with-gnu-as --with-gnu-ld --with-gcc --with-march=armv8 --enable-cxx-flags=-ffunction-sections --disable-libstdcxx-verbose --enable-poison-system-directories --enable-interwork --enable-multilib --enable-threads --disable-win32-registry --disable-nls --disable-debug --disable-libmudflap --disable-libssp --disable-libgomp --disable-libstdcxx-pch --enable-libstdcxx-time --enable-libstdcxx-filesystem-ts --target=aarch64-none-elf --with-newlib --with-headers=../../newlib-3.1.0/newlib/libc/include --prefix=/opt/devkitpro/devkitA64 --enable-lto --with-system-zlib --with-bugurl=https://github.com/devkitPro/buildscripts/issues --with-pkgversion='devkitA64 release 13' --build=x86_64-unknown-linux-gnu
Thread model: posix
gcc version 8.3.0 (devkitA64 release 13) 
COMPILER_PATH=/opt/devkitpro/devkitA64/libexec/gcc/aarch64-none-elf/8.3.0/:/opt/devkitpro/devkitA64/libexec/gcc/aarch64-none-elf/8.3.0/:/opt/devkitpro/devkitA64/libexec/gcc/aarch64-none-elf/:/opt/devkitpro/devkitA64/lib/gcc/aarch64-none-elf/8.3.0/:/opt/devkitpro/devkitA64/lib/gcc/aarch64-none-elf/:/opt/devkitpro/devkitA64/lib/gcc/aarch64-none-elf/8.3.0/../../../../aarch64-none-elf/bin/
LIBRARY_PATH=/opt/devkitpro/devkitA64/lib/gcc/aarch64-none-elf/8.3.0/pic/:/opt/devkitpro/devkitA64/lib/gcc/aarch64-none-elf/8.3.0/../../../../aarch64-none-elf/lib/pic/:/opt/devkitpro/devkitA64/lib/gcc/aarch64-none-elf/8.3.0/:/opt/devkitpro/devkitA64/lib/gcc/aarch64-none-elf/8.3.0/../../../../aarch64-none-elf/lib/
COLLECT_GCC_OPTIONS='-g' '-O2' '-march=armv8-a' '-mtune=cortex-a57' '-mtp=soft' '-ftls-model=local-exec' '-fPIC' '-I' '/opt/devkitpro/libnx/include' '-I' '/opt/devkitpro/portlibs/switch/include' '-fno-rtti' '-fno-exceptions' '-v' '-o' 'cmTC_5f9b4' '-mlittle-endian' '-mabi=lp64'
 /opt/devkitpro/devkitA64/libexec/gcc/aarch64-none-elf/8.3.0/collect2 -plugin /opt/devkitpro/devkitA64/libexec/gcc/aarch64-none-elf/8.3.0/liblto_plugin.so -plugin-opt=/opt/devkitpro/devkitA64/libexec/gcc/aarch64-none-elf/8.3.0/lto-wrapper -plugin-opt=-fresolution=/tmp/ccVQ73Pt.res -plugin-opt=-pass-through=-lgcc -plugin-opt=-pass-through=-lg -plugin-opt=-pass-through=-lc -plugin-opt=-pass-through=-lsysbase -EL -X -maarch64elf -o cmTC_5f9b4 /opt/devkitpro/devkitA64/lib/gcc/aarch64-none-elf/8.3.0/pic/crti.o /opt/devkitpro/devkitA64/lib/gcc/aarch64-none-elf/8.3.0/pic/crtbegin.o /opt/devkitpro/devkitA64/lib/gcc/aarch64-none-elf/8.3.0/../../../../aarch64-none-elf/lib/pic/crt0.o -L/opt/devkitpro/devkitA64/lib/gcc/aarch64-none-elf/8.3.0/pic -L/opt/devkitpro/devkitA64/lib/gcc/aarch64-none-elf/8.3.0/../../../../aarch64-none-elf/lib/pic -L/opt/devkitpro/devkitA64/lib/gcc/aarch64-none-elf/8.3.0 -L/opt/devkitpro/devkitA64/lib/gcc/aarch64-none-elf/8.3.0/../../../../aarch64-none-elf/lib CMakeFiles/cmTC_5f9b4.dir/CMakeCXXCompilerABI.cpp.obj -lstdc++ -lm --start-group -lgcc -lg -lc -lsysbase --end-group /opt/devkitpro/devkitA64/lib/gcc/aarch64-none-elf/8.3.0/pic/crtend.o /opt/devkitpro/devkitA64/lib/gcc/aarch64-none-elf/8.3.0/pic/crtn.o
COLLECT_GCC_OPTIONS='-g' '-O2' '-march=armv8-a' '-mtune=cortex-a57' '-mtp=soft' '-ftls-model=local-exec' '-fPIC' '-I' '/opt/devkitpro/libnx/include' '-I' '/opt/devkitpro/portlibs/switch/include' '-fno-rtti' '-fno-exceptions' '-v' '-o' 'cmTC_5f9b4' '-mlittle-endian' '-mabi=lp64'
make[2]: 离开目录“/home/li/ONScripter-Switch/SDL_kitchensink/build/CMakeFiles/CMakeTmp”
make[1]: 离开目录“/home/li/ONScripter-Switch/SDL_kitchensink/build/CMakeFiles/CMakeTmp”


Parsed CXX implicit link information from above output:
  link line regex: [^( *|.*[/\])(aarch64-none-elf-ld|CMAKE_LINK_STARTFILE-NOTFOUND|([^/\]+-)?ld|collect2)[^/\]*( |$)]
  ignore line: [Change Dir: /home/li/ONScripter-Switch/SDL_kitchensink/build/CMakeFiles/CMakeTmp]
  ignore line: []
  ignore line: [Run Build Command:"/usr/bin/make" "cmTC_5f9b4/fast"]
  ignore line: [make[1]: 进入目录“/home/li/ONScripter-Switch/SDL_kitchensink/build/CMakeFiles/CMakeTmp”]
  ignore line: [/usr/bin/make -f CMakeFiles/cmTC_5f9b4.dir/build.make CMakeFiles/cmTC_5f9b4.dir/build]
  ignore line: [make[2]: 进入目录“/home/li/ONScripter-Switch/SDL_kitchensink/build/CMakeFiles/CMakeTmp”]
  ignore line: [Building CXX object CMakeFiles/cmTC_5f9b4.dir/CMakeCXXCompilerABI.cpp.obj]
  ignore line: [/opt/devkitpro/devkitA64/bin/aarch64-none-elf-g++    -g -O2 -march=armv8-a -mtune=cortex-a57 -mtp=soft -ftls-model=local-exec -fPIC -I/opt/devkitpro/libnx/include -I/opt/devkitpro/portlibs/switch/include -fno-rtti -fno-exceptions    -o CMakeFiles/cmTC_5f9b4.dir/CMakeCXXCompilerABI.cpp.obj -c /usr/share/cmake-3.10/Modules/CMakeCXXCompilerABI.cpp]
  ignore line: [Linking CXX executable cmTC_5f9b4]
  ignore line: [/usr/bin/cmake -E cmake_link_script CMakeFiles/cmTC_5f9b4.dir/link.txt --verbose=1]
  ignore line: [/opt/devkitpro/devkitA64/bin/aarch64-none-elf-g++  -g -O2 -march=armv8-a -mtune=cortex-a57 -mtp=soft -ftls-model=local-exec -fPIC -I/opt/devkitpro/libnx/include -I/opt/devkitpro/portlibs/switch/include -fno-rtti -fno-exceptions    -v CMakeFiles/cmTC_5f9b4.dir/CMakeCXXCompilerABI.cpp.obj  -o cmTC_5f9b4 ]
  ignore line: [Using built-in specs.]
  ignore line: [COLLECT_GCC=/opt/devkitpro/devkitA64/bin/aarch64-none-elf-g++]
  ignore line: [COLLECT_LTO_WRAPPER=/opt/devkitpro/devkitA64/libexec/gcc/aarch64-none-elf/8.3.0/lto-wrapper]
  ignore line: [Target: aarch64-none-elf]
  ignore line: [Configured with: ../../gcc-8.3.0/configure --enable-languages=c,c++,objc,lto --with-gnu-as --with-gnu-ld --with-gcc --with-march=armv8 --enable-cxx-flags=-ffunction-sections --disable-libstdcxx-verbose --enable-poison-system-directories --enable-interwork --enable-multilib --enable-threads --disable-win32-registry --disable-nls --disable-debug --disable-libmudflap --disable-libssp --disable-libgomp --disable-libstdcxx-pch --enable-libstdcxx-time --enable-libstdcxx-filesystem-ts --target=aarch64-none-elf --with-newlib --with-headers=../../newlib-3.1.0/newlib/libc/include --prefix=/opt/devkitpro/devkitA64 --enable-lto --with-system-zlib --with-bugurl=https://github.com/devkitPro/buildscripts/issues --with-pkgversion='devkitA64 release 13' --build=x86_64-unknown-linux-gnu]
  ignore line: [Thread model: posix]
  ignore line: [gcc version 8.3.0 (devkitA64 release 13) ]
  ignore line: [COMPILER_PATH=/opt/devkitpro/devkitA64/libexec/gcc/aarch64-none-elf/8.3.0/:/opt/devkitpro/devkitA64/libexec/gcc/aarch64-none-elf/8.3.0/:/opt/devkitpro/devkitA64/libexec/gcc/aarch64-none-elf/:/opt/devkitpro/devkitA64/lib/gcc/aarch64-none-elf/8.3.0/:/opt/devkitpro/devkitA64/lib/gcc/aarch64-none-elf/:/opt/devkitpro/devkitA64/lib/gcc/aarch64-none-elf/8.3.0/../../../../aarch64-none-elf/bin/]
  ignore line: [LIBRARY_PATH=/opt/devkitpro/devkitA64/lib/gcc/aarch64-none-elf/8.3.0/pic/:/opt/devkitpro/devkitA64/lib/gcc/aarch64-none-elf/8.3.0/../../../../aarch64-none-elf/lib/pic/:/opt/devkitpro/devkitA64/lib/gcc/aarch64-none-elf/8.3.0/:/opt/devkitpro/devkitA64/lib/gcc/aarch64-none-elf/8.3.0/../../../../aarch64-none-elf/lib/]
  ignore line: [COLLECT_GCC_OPTIONS='-g' '-O2' '-march=armv8-a' '-mtune=cortex-a57' '-mtp=soft' '-ftls-model=local-exec' '-fPIC' '-I' '/opt/devkitpro/libnx/include' '-I' '/opt/devkitpro/portlibs/switch/include' '-fno-rtti' '-fno-exceptions' '-v' '-o' 'cmTC_5f9b4' '-mlittle-endian' '-mabi=lp64']
  link line: [ /opt/devkitpro/devkitA64/libexec/gcc/aarch64-none-elf/8.3.0/collect2 -plugin /opt/devkitpro/devkitA64/libexec/gcc/aarch64-none-elf/8.3.0/liblto_plugin.so -plugin-opt=/opt/devkitpro/devkitA64/libexec/gcc/aarch64-none-elf/8.3.0/lto-wrapper -plugin-opt=-fresolution=/tmp/ccVQ73Pt.res -plugin-opt=-pass-through=-lgcc -plugin-opt=-pass-through=-lg -plugin-opt=-pass-through=-lc -plugin-opt=-pass-through=-lsysbase -EL -X -maarch64elf -o cmTC_5f9b4 /opt/devkitpro/devkitA64/lib/gcc/aarch64-none-elf/8.3.0/pic/crti.o /opt/devkitpro/devkitA64/lib/gcc/aarch64-none-elf/8.3.0/pic/crtbegin.o /opt/devkitpro/devkitA64/lib/gcc/aarch64-none-elf/8.3.0/../../../../aarch64-none-elf/lib/pic/crt0.o -L/opt/devkitpro/devkitA64/lib/gcc/aarch64-none-elf/8.3.0/pic -L/opt/devkitpro/devkitA64/lib/gcc/aarch64-none-elf/8.3.0/../../../../aarch64-none-elf/lib/pic -L/opt/devkitpro/devkitA64/lib/gcc/aarch64-none-elf/8.3.0 -L/opt/devkitpro/devkitA64/lib/gcc/aarch64-none-elf/8.3.0/../../../../aarch64-none-elf/lib CMakeFiles/cmTC_5f9b4.dir/CMakeCXXCompilerABI.cpp.obj -lstdc++ -lm --start-group -lgcc -lg -lc -lsysbase --end-group /opt/devkitpro/devkitA64/lib/gcc/aarch64-none-elf/8.3.0/pic/crtend.o /opt/devkitpro/devkitA64/lib/gcc/aarch64-none-elf/8.3.0/pic/crtn.o]
    arg [/opt/devkitpro/devkitA64/libexec/gcc/aarch64-none-elf/8.3.0/collect2] ==> ignore
    arg [-plugin] ==> ignore
    arg [/opt/devkitpro/devkitA64/libexec/gcc/aarch64-none-elf/8.3.0/liblto_plugin.so] ==> ignore
    arg [-plugin-opt=/opt/devkitpro/devkitA64/libexec/gcc/aarch64-none-elf/8.3.0/lto-wrapper] ==> ignore
    arg [-plugin-opt=-fresolution=/tmp/ccVQ73Pt.res] ==> ignore
    arg [-plugin-opt=-pass-through=-lgcc] ==> ignore
    arg [-plugin-opt=-pass-through=-lg] ==> ignore
    arg [-plugin-opt=-pass-through=-lc] ==> ignore
    arg [-plugin-opt=-pass-through=-lsysbase] ==> ignore
    arg [-EL] ==> ignore
    arg [-X] ==> ignore
    arg [-maarch64elf] ==> ignore
    arg [-o] ==> ignore
    arg [cmTC_5f9b4] ==> ignore
    arg [/opt/devkitpro/devkitA64/lib/gcc/aarch64-none-elf/8.3.0/pic/crti.o] ==> ignore
    arg [/opt/devkitpro/devkitA64/lib/gcc/aarch64-none-elf/8.3.0/pic/crtbegin.o] ==> ignore
    arg [/opt/devkitpro/devkitA64/lib/gcc/aarch64-none-elf/8.3.0/../../../../aarch64-none-elf/lib/pic/crt0.o] ==> ignore
    arg [-L/opt/devkitpro/devkitA64/lib/gcc/aarch64-none-elf/8.3.0/pic] ==> dir [/opt/devkitpro/devkitA64/lib/gcc/aarch64-none-elf/8.3.0/pic]
    arg [-L/opt/devkitpro/devkitA64/lib/gcc/aarch64-none-elf/8.3.0/../../../../aarch64-none-elf/lib/pic] ==> dir [/opt/devkitpro/devkitA64/lib/gcc/aarch64-none-elf/8.3.0/../../../../aarch64-none-elf/lib/pic]
    arg [-L/opt/devkitpro/devkitA64/lib/gcc/aarch64-none-elf/8.3.0] ==> dir [/opt/devkitpro/devkitA64/lib/gcc/aarch64-none-elf/8.3.0]
    arg [-L/opt/devkitpro/devkitA64/lib/gcc/aarch64-none-elf/8.3.0/../../../../aarch64-none-elf/lib] ==> dir [/opt/devkitpro/devkitA64/lib/gcc/aarch64-none-elf/8.3.0/../../../../aarch64-none-elf/lib]
    arg [CMakeFiles/cmTC_5f9b4.dir/CMakeCXXCompilerABI.cpp.obj] ==> ignore
    arg [-lstdc++] ==> lib [stdc++]
    arg [-lm] ==> lib [m]
    arg [--start-group] ==> ignore
    arg [-lgcc] ==> lib [gcc]
    arg [-lg] ==> lib [g]
    arg [-lc] ==> lib [c]
    arg [-lsysbase] ==> lib [sysbase]
    arg [--end-group] ==> ignore
    arg [/opt/devkitpro/devkitA64/lib/gcc/aarch64-none-elf/8.3.0/pic/crtend.o] ==> ignore
    arg [/opt/devkitpro/devkitA64/lib/gcc/aarch64-none-elf/8.3.0/pic/crtn.o] ==> ignore
  collapse library dir [/opt/devkitpro/devkitA64/lib/gcc/aarch64-none-elf/8.3.0/pic] ==> [/opt/devkitpro/devkitA64/lib/gcc/aarch64-none-elf/8.3.0/pic]
  collapse library dir [/opt/devkitpro/devkitA64/lib/gcc/aarch64-none-elf/8.3.0/../../../../aarch64-none-elf/lib/pic] ==> [/opt/devkitpro/devkitA64/aarch64-none-elf/lib/pic]
  collapse library dir [/opt/devkitpro/devkitA64/lib/gcc/aarch64-none-elf/8.3.0] ==> [/opt/devkitpro/devkitA64/lib/gcc/aarch64-none-elf/8.3.0]
  collapse library dir [/opt/devkitpro/devkitA64/lib/gcc/aarch64-none-elf/8.3.0/../../../../aarch64-none-elf/lib] ==> [/opt/devkitpro/devkitA64/aarch64-none-elf/lib]
  implicit libs: [stdc++;m;gcc;g;c;sysbase]
  implicit dirs: [/opt/devkitpro/devkitA64/lib/gcc/aarch64-none-elf/8.3.0/pic;/opt/devkitpro/devkitA64/aarch64-none-elf/lib/pic;/opt/devkitpro/devkitA64/lib/gcc/aarch64-none-elf/8.3.0;/opt/devkitpro/devkitA64/aarch64-none-elf/lib]
  implicit fwks: []




Detecting CXX [-std=c++1z] compiler features compiled with the following output:
Change Dir: /home/li/ONScripter-Switch/SDL_kitchensink/build/CMakeFiles/CMakeTmp

Run Build Command:"/usr/bin/make" "cmTC_5f4a7/fast"
make[1]: 进入目录“/home/li/ONScripter-Switch/SDL_kitchensink/build/CMakeFiles/CMakeTmp”
/usr/bin/make -f CMakeFiles/cmTC_5f4a7.dir/build.make CMakeFiles/cmTC_5f4a7.dir/build
make[2]: 进入目录“/home/li/ONScripter-Switch/SDL_kitchensink/build/CMakeFiles/CMakeTmp”
Building CXX object CMakeFiles/cmTC_5f4a7.dir/feature_tests.cxx.obj
/opt/devkitpro/devkitA64/bin/aarch64-none-elf-g++    -g -O2 -march=armv8-a -mtune=cortex-a57 -mtp=soft -ftls-model=local-exec -fPIC -I/opt/devkitpro/libnx/include -I/opt/devkitpro/portlibs/switch/include -fno-rtti -fno-exceptions    -std=c++1z -o CMakeFiles/cmTC_5f4a7.dir/feature_tests.cxx.obj -c /home/li/ONScripter-Switch/SDL_kitchensink/build/CMakeFiles/feature_tests.cxx
Linking CXX executable cmTC_5f4a7
/usr/bin/cmake -E cmake_link_script CMakeFiles/cmTC_5f4a7.dir/link.txt --verbose=1
/opt/devkitpro/devkitA64/bin/aarch64-none-elf-g++  -g -O2 -march=armv8-a -mtune=cortex-a57 -mtp=soft -ftls-model=local-exec -fPIC -I/opt/devkitpro/libnx/include -I/opt/devkitpro/portlibs/switch/include -fno-rtti -fno-exceptions     CMakeFiles/cmTC_5f4a7.dir/feature_tests.cxx.obj  -o cmTC_5f4a7 
make[2]: 离开目录“/home/li/ONScripter-Switch/SDL_kitchensink/build/CMakeFiles/CMakeTmp”
make[1]: 离开目录“/home/li/ONScripter-Switch/SDL_kitchensink/build/CMakeFiles/CMakeTmp”


    Feature record: CXX_FEATURE:1cxx_aggregate_default_initializers
    Feature record: CXX_FEATURE:1cxx_alias_templates
    Feature record: CXX_FEATURE:1cxx_alignas
    Feature record: CXX_FEATURE:1cxx_alignof
    Feature record: CXX_FEATURE:1cxx_attributes
    Feature record: CXX_FEATURE:1cxx_attribute_deprecated
    Feature record: CXX_FEATURE:1cxx_auto_type
    Feature record: CXX_FEATURE:1cxx_binary_literals
    Feature record: CXX_FEATURE:1cxx_constexpr
    Feature record: CXX_FEATURE:1cxx_contextual_conversions
    Feature record: CXX_FEATURE:1cxx_decltype
    Feature record: CXX_FEATURE:1cxx_decltype_auto
    Feature record: CXX_FEATURE:1cxx_decltype_incomplete_return_types
    Feature record: CXX_FEATURE:1cxx_default_function_template_args
    Feature record: CXX_FEATURE:1cxx_defaulted_functions
    Feature record: CXX_FEATURE:1cxx_defaulted_move_initializers
    Feature record: CXX_FEATURE:1cxx_delegating_constructors
    Feature record: CXX_FEATURE:1cxx_deleted_functions
    Feature record: CXX_FEATURE:1cxx_digit_separators
    Feature record: CXX_FEATURE:1cxx_enum_forward_declarations
    Feature record: CXX_FEATURE:1cxx_explicit_conversions
    Feature record: CXX_FEATURE:1cxx_extended_friend_declarations
    Feature record: CXX_FEATURE:1cxx_extern_templates
    Feature record: CXX_FEATURE:1cxx_final
    Feature record: CXX_FEATURE:1cxx_func_identifier
    Feature record: CXX_FEATURE:1cxx_generalized_initializers
    Feature record: CXX_FEATURE:1cxx_generic_lambdas
    Feature record: CXX_FEATURE:1cxx_inheriting_constructors
    Feature record: CXX_FEATURE:1cxx_inline_namespaces
    Feature record: CXX_FEATURE:1cxx_lambdas
    Feature record: CXX_FEATURE:1cxx_lambda_init_captures
    Feature record: CXX_FEATURE:1cxx_local_type_template_args
    Feature record: CXX_FEATURE:1cxx_long_long_type
    Feature record: CXX_FEATURE:1cxx_noexcept
    Feature record: CXX_FEATURE:1cxx_nonstatic_member_init
    Feature record: CXX_FEATURE:1cxx_nullptr
    Feature record: CXX_FEATURE:1cxx_override
    Feature record: CXX_FEATURE:1cxx_range_for
    Feature record: CXX_FEATURE:1cxx_raw_string_literals
    Feature record: CXX_FEATURE:1cxx_reference_qualified_functions
    Feature record: CXX_FEATURE:1cxx_relaxed_constexpr
    Feature record: CXX_FEATURE:1cxx_return_type_deduction
    Feature record: CXX_FEATURE:1cxx_right_angle_brackets
    Feature record: CXX_FEATURE:1cxx_rvalue_references
    Feature record: CXX_FEATURE:1cxx_sizeof_member
    Feature record: CXX_FEATURE:1cxx_static_assert
    Feature record: CXX_FEATURE:1cxx_strong_enums
    Feature record: CXX_FEATURE:1cxx_template_template_parameters
    Feature record: CXX_FEATURE:1cxx_thread_local
    Feature record: CXX_FEATURE:1cxx_trailing_return_types
    Feature record: CXX_FEATURE:1cxx_unicode_literals
    Feature record: CXX_FEATURE:1cxx_uniform_initialization
    Feature record: CXX_FEATURE:1cxx_unrestricted_unions
    Feature record: CXX_FEATURE:1cxx_user_literals
    Feature record: CXX_FEATURE:1cxx_variable_templates
    Feature record: CXX_FEATURE:1cxx_variadic_macros
    Feature record: CXX_FEATURE:1cxx_variadic_templates


Detecting CXX [-std=c++14] compiler features compiled with the following output:
Change Dir: /home/li/ONScripter-Switch/SDL_kitchensink/build/CMakeFiles/CMakeTmp

Run Build Command:"/usr/bin/make" "cmTC_39d3e/fast"
make[1]: 进入目录“/home/li/ONScripter-Switch/SDL_kitchensink/build/CMakeFiles/CMakeTmp”
/usr/bin/make -f CMakeFiles/cmTC_39d3e.dir/build.make CMakeFiles/cmTC_39d3e.dir/build
make[2]: 进入目录“/home/li/ONScripter-Switch/SDL_kitchensink/build/CMakeFiles/CMakeTmp”
Building CXX object CMakeFiles/cmTC_39d3e.dir/feature_tests.cxx.obj
/opt/devkitpro/devkitA64/bin/aarch64-none-elf-g++    -g -O2 -march=armv8-a -mtune=cortex-a57 -mtp=soft -ftls-model=local-exec -fPIC -I/opt/devkitpro/libnx/include -I/opt/devkitpro/portlibs/switch/include -fno-rtti -fno-exceptions    -std=c++14 -o CMakeFiles/cmTC_39d3e.dir/feature_tests.cxx.obj -c /home/li/ONScripter-Switch/SDL_kitchensink/build/CMakeFiles/feature_tests.cxx
Linking CXX executable cmTC_39d3e
/usr/bin/cmake -E cmake_link_script CMakeFiles/cmTC_39d3e.dir/link.txt --verbose=1
/opt/devkitpro/devkitA64/bin/aarch64-none-elf-g++  -g -O2 -march=armv8-a -mtune=cortex-a57 -mtp=soft -ftls-model=local-exec -fPIC -I/opt/devkitpro/libnx/include -I/opt/devkitpro/portlibs/switch/include -fno-rtti -fno-exceptions     CMakeFiles/cmTC_39d3e.dir/feature_tests.cxx.obj  -o cmTC_39d3e 
make[2]: 离开目录“/home/li/ONScripter-Switch/SDL_kitchensink/build/CMakeFiles/CMakeTmp”
make[1]: 离开目录“/home/li/ONScripter-Switch/SDL_kitchensink/build/CMakeFiles/CMakeTmp”


    Feature record: CXX_FEATURE:1cxx_aggregate_default_initializers
    Feature record: CXX_FEATURE:1cxx_alias_templates
    Feature record: CXX_FEATURE:1cxx_alignas
    Feature record: CXX_FEATURE:1cxx_alignof
    Feature record: CXX_FEATURE:1cxx_attributes
    Feature record: CXX_FEATURE:1cxx_attribute_deprecated
    Feature record: CXX_FEATURE:1cxx_auto_type
    Feature record: CXX_FEATURE:1cxx_binary_literals
    Feature record: CXX_FEATURE:1cxx_constexpr
    Feature record: CXX_FEATURE:1cxx_contextual_conversions
    Feature record: CXX_FEATURE:1cxx_decltype
    Feature record: CXX_FEATURE:1cxx_decltype_auto
    Feature record: CXX_FEATURE:1cxx_decltype_incomplete_return_types
    Feature record: CXX_FEATURE:1cxx_default_function_template_args
    Feature record: CXX_FEATURE:1cxx_defaulted_functions
    Feature record: CXX_FEATURE:1cxx_defaulted_move_initializers
    Feature record: CXX_FEATURE:1cxx_delegating_constructors
    Feature record: CXX_FEATURE:1cxx_deleted_functions
    Feature record: CXX_FEATURE:1cxx_digit_separators
    Feature record: CXX_FEATURE:1cxx_enum_forward_declarations
    Feature record: CXX_FEATURE:1cxx_explicit_conversions
    Feature record: CXX_FEATURE:1cxx_extended_friend_declarations
    Feature record: CXX_FEATURE:1cxx_extern_templates
    Feature record: CXX_FEATURE:1cxx_final
    Feature record: CXX_FEATURE:1cxx_func_identifier
    Feature record: CXX_FEATURE:1cxx_generalized_initializers
    Feature record: CXX_FEATURE:1cxx_generic_lambdas
    Feature record: CXX_FEATURE:1cxx_inheriting_constructors
    Feature record: CXX_FEATURE:1cxx_inline_namespaces
    Feature record: CXX_FEATURE:1cxx_lambdas
    Feature record: CXX_FEATURE:1cxx_lambda_init_captures
    Feature record: CXX_FEATURE:1cxx_local_type_template_args
    Feature record: CXX_FEATURE:1cxx_long_long_type
    Feature record: CXX_FEATURE:1cxx_noexcept
    Feature record: CXX_FEATURE:1cxx_nonstatic_member_init
    Feature record: CXX_FEATURE:1cxx_nullptr
    Feature record: CXX_FEATURE:1cxx_override
    Feature record: CXX_FEATURE:1cxx_range_for
    Feature record: CXX_FEATURE:1cxx_raw_string_literals
    Feature record: CXX_FEATURE:1cxx_reference_qualified_functions
    Feature record: CXX_FEATURE:1cxx_relaxed_constexpr
    Feature record: CXX_FEATURE:1cxx_return_type_deduction
    Feature record: CXX_FEATURE:1cxx_right_angle_brackets
    Feature record: CXX_FEATURE:1cxx_rvalue_references
    Feature record: CXX_FEATURE:1cxx_sizeof_member
    Feature record: CXX_FEATURE:1cxx_static_assert
    Feature record: CXX_FEATURE:1cxx_strong_enums
    Feature record: CXX_FEATURE:1cxx_template_template_parameters
    Feature record: CXX_FEATURE:1cxx_thread_local
    Feature record: CXX_FEATURE:1cxx_trailing_return_types
    Feature record: CXX_FEATURE:1cxx_unicode_literals
    Feature record: CXX_FEATURE:1cxx_uniform_initialization
    Feature record: CXX_FEATURE:1cxx_unrestricted_unions
    Feature record: CXX_FEATURE:1cxx_user_literals
    Feature record: CXX_FEATURE:1cxx_variable_templates
    Feature record: CXX_FEATURE:1cxx_variadic_macros
    Feature record: CXX_FEATURE:1cxx_variadic_templates


Detecting CXX [-std=c++11] compiler features compiled with the following output:
Change Dir: /home/li/ONScripter-Switch/SDL_kitchensink/build/CMakeFiles/CMakeTmp

Run Build Command:"/usr/bin/make" "cmTC_053f8/fast"
make[1]: 进入目录“/home/li/ONScripter-Switch/SDL_kitchensink/build/CMakeFiles/CMakeTmp”
/usr/bin/make -f CMakeFiles/cmTC_053f8.dir/build.make CMakeFiles/cmTC_053f8.dir/build
make[2]: 进入目录“/home/li/ONScripter-Switch/SDL_kitchensink/build/CMakeFiles/CMakeTmp”
Building CXX object CMakeFiles/cmTC_053f8.dir/feature_tests.cxx.obj
/opt/devkitpro/devkitA64/bin/aarch64-none-elf-g++    -g -O2 -march=armv8-a -mtune=cortex-a57 -mtp=soft -ftls-model=local-exec -fPIC -I/opt/devkitpro/libnx/include -I/opt/devkitpro/portlibs/switch/include -fno-rtti -fno-exceptions    -std=c++11 -o CMakeFiles/cmTC_053f8.dir/feature_tests.cxx.obj -c /home/li/ONScripter-Switch/SDL_kitchensink/build/CMakeFiles/feature_tests.cxx
Linking CXX executable cmTC_053f8
/usr/bin/cmake -E cmake_link_script CMakeFiles/cmTC_053f8.dir/link.txt --verbose=1
/opt/devkitpro/devkitA64/bin/aarch64-none-elf-g++  -g -O2 -march=armv8-a -mtune=cortex-a57 -mtp=soft -ftls-model=local-exec -fPIC -I/opt/devkitpro/libnx/include -I/opt/devkitpro/portlibs/switch/include -fno-rtti -fno-exceptions     CMakeFiles/cmTC_053f8.dir/feature_tests.cxx.obj  -o cmTC_053f8 
make[2]: 离开目录“/home/li/ONScripter-Switch/SDL_kitchensink/build/CMakeFiles/CMakeTmp”
make[1]: 离开目录“/home/li/ONScripter-Switch/SDL_kitchensink/build/CMakeFiles/CMakeTmp”


    Feature record: CXX_FEATURE:0cxx_aggregate_default_initializers
    Feature record: CXX_FEATURE:1cxx_alias_templates
    Feature record: CXX_FEATURE:1cxx_alignas
    Feature record: CXX_FEATURE:1cxx_alignof
    Feature record: CXX_FEATURE:1cxx_attributes
    Feature record: CXX_FEATURE:0cxx_attribute_deprecated
    Feature record: CXX_FEATURE:1cxx_auto_type
    Feature record: CXX_FEATURE:0cxx_binary_literals
    Feature record: CXX_FEATURE:1cxx_constexpr
    Feature record: CXX_FEATURE:0cxx_contextual_conversions
    Feature record: CXX_FEATURE:1cxx_decltype
    Feature record: CXX_FEATURE:0cxx_decltype_auto
    Feature record: CXX_FEATURE:1cxx_decltype_incomplete_return_types
    Feature record: CXX_FEATURE:1cxx_default_function_template_args
    Feature record: CXX_FEATURE:1cxx_defaulted_functions
    Feature record: CXX_FEATURE:1cxx_defaulted_move_initializers
    Feature record: CXX_FEATURE:1cxx_delegating_constructors
    Feature record: CXX_FEATURE:1cxx_deleted_functions
    Feature record: CXX_FEATURE:0cxx_digit_separators
    Feature record: CXX_FEATURE:1cxx_enum_forward_declarations
    Feature record: CXX_FEATURE:1cxx_explicit_conversions
    Feature record: CXX_FEATURE:1cxx_extended_friend_declarations
    Feature record: CXX_FEATURE:1cxx_extern_templates
    Feature record: CXX_FEATURE:1cxx_final
    Feature record: CXX_FEATURE:1cxx_func_identifier
    Feature record: CXX_FEATURE:1cxx_generalized_initializers
    Feature record: CXX_FEATURE:0cxx_generic_lambdas
    Feature record: CXX_FEATURE:1cxx_inheriting_constructors
    Feature record: CXX_FEATURE:1cxx_inline_namespaces
    Feature record: CXX_FEATURE:1cxx_lambdas
    Feature record: CXX_FEATURE:0cxx_lambda_init_captures
    Feature record: CXX_FEATURE:1cxx_local_type_template_args
    Feature record: CXX_FEATURE:1cxx_long_long_type
    Feature record: CXX_FEATURE:1cxx_noexcept
    Feature record: CXX_FEATURE:1cxx_nonstatic_member_init
    Feature record: CXX_FEATURE:1cxx_nullptr
    Feature record: CXX_FEATURE:1cxx_override
    Feature record: CXX_FEATURE:1cxx_range_for
    Feature record: CXX_FEATURE:1cxx_raw_string_literals
    Feature record: CXX_FEATURE:1cxx_reference_qualified_functions
    Feature record: CXX_FEATURE:0cxx_relaxed_constexpr
    Feature record: CXX_FEATURE:0cxx_return_type_deduction
    Feature record: CXX_FEATURE:1cxx_right_angle_brackets
    Feature record: CXX_FEATURE:1cxx_rvalue_references
    Feature record: CXX_FEATURE:1cxx_sizeof_member
    Feature record: CXX_FEATURE:1cxx_static_assert
    Feature record: CXX_FEATURE:1cxx_strong_enums
    Feature record: CXX_FEATURE:1cxx_template_template_parameters
    Feature record: CXX_FEATURE:1cxx_thread_local
    Feature record: CXX_FEATURE:1cxx_trailing_return_types
    Feature record: CXX_FEATURE:1cxx_unicode_literals
    Feature record: CXX_FEATURE:1cxx_uniform_initialization
    Feature record: CXX_FEATURE:1cxx_unrestricted_unions
    Feature record: CXX_FEATURE:1cxx_user_literals
    Feature record: CXX_FEATURE:0cxx_variable_templates
    Feature record: CXX_FEATURE:1cxx_variadic_macros
    Feature record: CXX_FEATURE:1cxx_variadic_templates


Detecting CXX [-std=c++98] compiler features compiled with the following output:
Change Dir: /home/li/ONScripter-Switch/SDL_kitchensink/build/CMakeFiles/CMakeTmp

Run Build Command:"/usr/bin/make" "cmTC_8dc80/fast"
make[1]: 进入目录“/home/li/ONScripter-Switch/SDL_kitchensink/build/CMakeFiles/CMakeTmp”
/usr/bin/make -f CMakeFiles/cmTC_8dc80.dir/build.make CMakeFiles/cmTC_8dc80.dir/build
make[2]: 进入目录“/home/li/ONScripter-Switch/SDL_kitchensink/build/CMakeFiles/CMakeTmp”
Building CXX object CMakeFiles/cmTC_8dc80.dir/feature_tests.cxx.obj
/opt/devkitpro/devkitA64/bin/aarch64-none-elf-g++    -g -O2 -march=armv8-a -mtune=cortex-a57 -mtp=soft -ftls-model=local-exec -fPIC -I/opt/devkitpro/libnx/include -I/opt/devkitpro/portlibs/switch/include -fno-rtti -fno-exceptions    -std=c++98 -o CMakeFiles/cmTC_8dc80.dir/feature_tests.cxx.obj -c /home/li/ONScripter-Switch/SDL_kitchensink/build/CMakeFiles/feature_tests.cxx
Linking CXX executable cmTC_8dc80
/usr/bin/cmake -E cmake_link_script CMakeFiles/cmTC_8dc80.dir/link.txt --verbose=1
/opt/devkitpro/devkitA64/bin/aarch64-none-elf-g++  -g -O2 -march=armv8-a -mtune=cortex-a57 -mtp=soft -ftls-model=local-exec -fPIC -I/opt/devkitpro/libnx/include -I/opt/devkitpro/portlibs/switch/include -fno-rtti -fno-exceptions     CMakeFiles/cmTC_8dc80.dir/feature_tests.cxx.obj  -o cmTC_8dc80 
make[2]: 离开目录“/home/li/ONScripter-Switch/SDL_kitchensink/build/CMakeFiles/CMakeTmp”
make[1]: 离开目录“/home/li/ONScripter-Switch/SDL_kitchensink/build/CMakeFiles/CMakeTmp”


    Feature record: CXX_FEATURE:0cxx_aggregate_default_initializers
    Feature record: CXX_FEATURE:0cxx_alias_templates
    Feature record: CXX_FEATURE:0cxx_alignas
    Feature record: CXX_FEATURE:0cxx_alignof
    Feature record: CXX_FEATURE:0cxx_attributes
    Feature record: CXX_FEATURE:0cxx_attribute_deprecated
    Feature record: CXX_FEATURE:0cxx_auto_type
    Feature record: CXX_FEATURE:0cxx_binary_literals
    Feature record: CXX_FEATURE:0cxx_constexpr
    Feature record: CXX_FEATURE:0cxx_contextual_conversions
    Feature record: CXX_FEATURE:0cxx_decltype
    Feature record: CXX_FEATURE:0cxx_decltype_auto
    Feature record: CXX_FEATURE:0cxx_decltype_incomplete_return_types
    Feature record: CXX_FEATURE:0cxx_default_function_template_args
    Feature record: CXX_FEATURE:0cxx_defaulted_functions
    Feature record: CXX_FEATURE:0cxx_defaulted_move_initializers
    Feature record: CXX_FEATURE:0cxx_delegating_constructors
    Feature record: CXX_FEATURE:0cxx_deleted_functions
    Feature record: CXX_FEATURE:0cxx_digit_separators
    Feature record: CXX_FEATURE:0cxx_enum_forward_declarations
    Feature record: CXX_FEATURE:0cxx_explicit_conversions
    Feature record: CXX_FEATURE:0cxx_extended_friend_declarations
    Feature record: CXX_FEATURE:0cxx_extern_templates
    Feature record: CXX_FEATURE:0cxx_final
    Feature record: CXX_FEATURE:0cxx_func_identifier
    Feature record: CXX_FEATURE:0cxx_generalized_initializers
    Feature record: CXX_FEATURE:0cxx_generic_lambdas
    Feature record: CXX_FEATURE:0cxx_inheriting_constructors
    Feature record: CXX_FEATURE:0cxx_inline_namespaces
    Feature record: CXX_FEATURE:0cxx_lambdas
    Feature record: CXX_FEATURE:0cxx_lambda_init_captures
    Feature record: CXX_FEATURE:0cxx_local_type_template_args
    Feature record: CXX_FEATURE:0cxx_long_long_type
    Feature record: CXX_FEATURE:0cxx_noexcept
    Feature record: CXX_FEATURE:0cxx_nonstatic_member_init
    Feature record: CXX_FEATURE:0cxx_nullptr
    Feature record: CXX_FEATURE:0cxx_override
    Feature record: CXX_FEATURE:0cxx_range_for
    Feature record: CXX_FEATURE:0cxx_raw_string_literals
    Feature record: CXX_FEATURE:0cxx_reference_qualified_functions
    Feature record: CXX_FEATURE:0cxx_relaxed_constexpr
    Feature record: CXX_FEATURE:0cxx_return_type_deduction
    Feature record: CXX_FEATURE:0cxx_right_angle_brackets
    Feature record: CXX_FEATURE:0cxx_rvalue_references
    Feature record: CXX_FEATURE:0cxx_sizeof_member
    Feature record: CXX_FEATURE:0cxx_static_assert
    Feature record: CXX_FEATURE:0cxx_strong_enums
    Feature record: CXX_FEATURE:1cxx_template_template_parameters
    Feature record: CXX_FEATURE:0cxx_thread_local
    Feature record: CXX_FEATURE:0cxx_trailing_return_types
    Feature record: CXX_FEATURE:0cxx_unicode_literals
    Feature record: CXX_FEATURE:0cxx_uniform_initialization
    Feature record: CXX_FEATURE:0cxx_unrestricted_unions
    Feature record: CXX_FEATURE:0cxx_user_literals
    Feature record: CXX_FEATURE:0cxx_variable_templates
    Feature record: CXX_FEATURE:0cxx_variadic_macros
    Feature record: CXX_FEATURE:0cxx_variadic_templates
